<?xml version="1.0" encoding="UTF-8"?>
<!-- Generated by org.testng.reporters.JUnitReportReporter -->
<testsuite hostname="Admin-PC" name="TestcaseSquence.MyTestcase" tests="2" failures="0" timestamp="8 Jul 2020 19:41:34 GMT" time="0.013" errors="0">
  <testcase name="testcase1" time="0.009" classname="TestcaseSquence.MyTestcase"/>
  <testcase name="testcase2" time="0.004" classname="TestcaseSquence.MyTestcase"/>
</testsuite> <!-- TestcaseSquence.MyTestcase -->
