<?xml version="1.0" encoding="UTF-8"?>
<!-- Generated by org.testng.reporters.JUnitReportReporter -->
<testsuite hostname="Admin-PC" name="TestcaseSquence.TestcaseGroup" tests="3" failures="0" timestamp="8 Jul 2020 19:41:34 GMT" time="0.032" errors="0">
  <testcase name="testcase1" time="0.003" classname="TestcaseSquence.TestcaseGroup"/>
  <testcase name="testcase2" time="0.026" classname="TestcaseSquence.TestcaseGroup"/>
  <testcase name="testcase3" time="0.003" classname="TestcaseSquence.TestcaseGroup"/>
</testsuite> <!-- TestcaseSquence.TestcaseGroup -->
