<?xml version="1.0" encoding="UTF-8"?>
<!-- Generated by org.testng.reporters.JUnitReportReporter -->
<testsuite hostname="Admin-PC" name="TestcaseSquence.TestcaseDependonMethods" tests="3" failures="0" timestamp="8 Jul 2020 19:41:34 GMT" time="0.011" errors="0">
  <testcase name="testcase3" time="0.006" classname="TestcaseSquence.TestcaseDependonMethods"/>
  <testcase name="testcase2" time="0.002" classname="TestcaseSquence.TestcaseDependonMethods"/>
  <testcase name="testcase1" time="0.003" classname="TestcaseSquence.TestcaseDependonMethods"/>
</testsuite> <!-- TestcaseSquence.TestcaseDependonMethods -->
