<?xml version="1.0" encoding="UTF-8"?>
<!-- Generated by org.testng.reporters.JUnitReportReporter -->
<testsuite hostname="Admin-PC" name="Samples.Trampoline" tests="1" failures="0" timestamp="3 Jul 2020 17:59:33 GMT" time="0.165" errors="0">
  <testcase name="fib" time="0.165" classname="Samples.Trampoline"/>
</testsuite> <!-- Samples.Trampoline -->
