<?xml version="1.0" encoding="UTF-8"?>
<!-- Generated by org.testng.reporters.JUnitReportReporter -->
<testsuite hostname="Admin-PC" name="dataProviderconcept.dataProviderconceptDemo" tests="1" failures="0" timestamp="22 Jun 2020 19:55:30 GMT" time="16.575" errors="0">
  <testcase name="RegistrationPageTest" time="16.575" classname="dataProviderconcept.dataProviderconceptDemo"/>
</testsuite> <!-- dataProviderconcept.dataProviderconceptDemo -->
