<?xml version="1.0" encoding="UTF-8"?>
<!-- Generated by org.testng.reporters.JUnitReportReporter -->
<testsuite hostname="Admin-PC" name="TestcaseSquence.NumberFormateException" tests="1" failures="0" timestamp="8 Jul 2020 19:41:34 GMT" time="0.003" errors="0">
  <testcase name="TEST" time="0.003" classname="TestcaseSquence.NumberFormateException"/>
</testsuite> <!-- TestcaseSquence.NumberFormateException -->
