<?xml version="1.0" encoding="UTF-8"?>
<!-- Generated by org.testng.reporters.JUnitReportReporter -->
<testsuite hostname="Admin-PC" name="TestcaseSquence.InvocationCount" tests="5" failures="0" timestamp="8 Jul 2020 19:41:34 GMT" time="0.044" errors="0">
  <testcase name="testcase1" time="0.030" classname="TestcaseSquence.InvocationCount"/>
  <testcase name="testcase1" time="0.002" classname="TestcaseSquence.InvocationCount"/>
  <testcase name="testcase1" time="0.002" classname="TestcaseSquence.InvocationCount"/>
  <testcase name="testcase1" time="0.008" classname="TestcaseSquence.InvocationCount"/>
  <testcase name="testcase1" time="0.002" classname="TestcaseSquence.InvocationCount"/>
</testsuite> <!-- TestcaseSquence.InvocationCount -->
