<?xml version="1.0" encoding="UTF-8"?>
<!-- Generated by org.testng.reporters.JUnitReportReporter -->
<testsuite hostname="Admin-PC" name="testNg_Demo.sampledemo" tests="1" failures="0" timestamp="9 Jun 2020 18:54:01 GMT" time="0.050" errors="0">
  <testcase name="testMethod" time="0.050" classname="testNg_Demo.sampledemo"/>
</testsuite> <!-- testNg_Demo.sampledemo -->
