<?xml version="1.0" encoding="UTF-8"?>
<!-- Generated by org.testng.reporters.JUnitReportReporter -->
<testsuite hostname="Admin-PC" name="TestcaseSquence.GoogleTitleTest" tests="1" failures="0" timestamp="8 Jul 2020 19:41:34 GMT" time="14.035" errors="0">
  <testcase name="googleTileTest" time="14.035" classname="TestcaseSquence.GoogleTitleTest"/>
</testsuite> <!-- TestcaseSquence.GoogleTitleTest -->
