<?xml version="1.0" encoding="UTF-8"?>
<!-- Generated by org.testng.reporters.JUnitReportReporter -->
<testsuite hostname="Admin-PC" name="TestcaseSquence.TestSquence" tests="7" failures="0" timestamp="8 Jul 2020 19:41:34 GMT" time="0.025" errors="0">
  <testcase name="testcase3" time="0.002" classname="TestcaseSquence.TestSquence"/>
  <testcase name="testcase5" time="0.002" classname="TestcaseSquence.TestSquence"/>
  <testcase name="testcase1" time="0.002" classname="TestcaseSquence.TestSquence"/>
  <testcase name="testcase2" time="0.002" classname="TestcaseSquence.TestSquence"/>
  <testcase name="testcase7" time="0.002" classname="TestcaseSquence.TestSquence"/>
  <testcase name="testcase6" time="0.013" classname="TestcaseSquence.TestSquence"/>
  <testcase name="testcase4" time="0.002" classname="TestcaseSquence.TestSquence"/>
</testsuite> <!-- TestcaseSquence.TestSquence -->
